# JRE version: OpenJDK Runtime Environment (11.0.10) (build 11.0.10+0-b96-7249189)
# Java VM: OpenJDK 64-Bit Server VM (11.0.10+0-b96-7249189, mixed mode, tiered, compressed oops, g1 gc, windows-amd64)
Heap:
 garbage-first heap   total 260096K, used 146187K [0x0000000080000000, 0x0000000100000000)
  region size 1024K, 95 young (97280K), 7 survivors (7168K)
 Metaspace       used 78535K, capacity 80501K, committed 80716K, reserved 1118208K
  class space    used 10317K, capacity 11040K, committed 11084K, reserved 1048576K
GC Heap History (18 events):
Event: 0.737 GC heap before
{Heap before GC invocations=0 (full 0):
 garbage-first heap   total 260096K, used 29696K [0x0000000080000000, 0x0000000100000000)
  region size 1024K, 24 young (24576K), 0 survivors (0K)
 Metaspace       used 10178K, capacity 10359K, committed 10624K, reserved 1058816K
  class space    used 1065K, capacity 1141K, committed 1152K, reserved 1048576K
}
Event: 0.741 GC heap after
{Heap after GC invocations=1 (full 0):
 garbage-first heap   total 260096K, used 9185K [0x0000000080000000, 0x0000000100000000)
  region size 1024K, 3 young (3072K), 3 survivors (3072K)
 Metaspace       used 10178K, capacity 10359K, committed 10624K, reserved 1058816K
  class space    used 1065K, capacity 1141K, committed 1152K, reserved 1048576K
}
Event: 2.800 GC heap before
{Heap before GC invocations=1 (full 0):
 garbage-first heap   total 260096K, used 105441K [0x0000000080000000, 0x0000000100000000)
  region size 1024K, 98 young (100352K), 3 survivors (3072K)
 Metaspace       used 20610K, capacity 21124K, committed 21248K, reserved 1067008K
  class space    used 2523K, capacity 2722K, committed 2816K, reserved 1048576K
}
Event: 2.810 GC heap after
{Heap after GC invocations=2 (full 0):
 garbage-first heap   total 260096K, used 16465K [0x0000000080000000, 0x0000000100000000)
  region size 1024K, 11 young (11264K), 11 survivors (11264K)
 Metaspace       used 20610K, capacity 21124K, committed 21248K, reserved 1067008K
  class space    used 2523K, capacity 2722K, committed 2816K, reserved 1048576K
}
Event: 3.862 GC heap before
{Heap before GC invocations=3 (full 0):
 garbage-first heap   total 260096K, used 83025K [0x0000000080000000, 0x0000000100000000)
  region size 1024K, 77 young (78848K), 11 survivors (11264K)
 Metaspace       used 26852K, capacity 27515K, committed 27648K, reserved 1073152K
  class space    used 3547K, capacity 3795K, committed 3840K, reserved 1048576K
}
Event: 3.871 GC heap after
{Heap after GC invocations=4 (full 0):
 garbage-first heap   total 260096K, used 18729K [0x0000000080000000, 0x0000000100000000)
  region size 1024K, 3 young (3072K), 3 survivors (3072K)
 Metaspace       used 26852K, capacity 27515K, committed 27648K, reserved 1073152K
  class space    used 3547K, capacity 3795K, committed 3840K, reserved 1048576K
}
Event: 4.737 GC heap before
{Heap before GC invocations=4 (full 0):
 garbage-first heap   total 260096K, used 62761K [0x0000000080000000, 0x0000000100000000)
  region size 1024K, 47 young (48128K), 3 survivors (3072K)
 Metaspace       used 35035K, capacity 35830K, committed 35840K, reserved 1081344K
  class space    used 4545K, capacity 4864K, committed 4864K, reserved 1048576K
}
Event: 4.746 GC heap after
{Heap after GC invocations=5 (full 0):
 garbage-first heap   total 260096K, used 21655K [0x0000000080000000, 0x0000000100000000)
  region size 1024K, 6 young (6144K), 6 survivors (6144K)
 Metaspace       used 35035K, capacity 35830K, committed 35840K, reserved 1081344K
  class space    used 4545K, capacity 4864K, committed 4864K, reserved 1048576K
}
Event: 6.162 GC heap before
{Heap before GC invocations=6 (full 0):
 garbage-first heap   total 260096K, used 140439K [0x0000000080000000, 0x0000000100000000)
  region size 1024K, 119 young (121856K), 6 survivors (6144K)
 Metaspace       used 44177K, capacity 45203K, committed 45260K, reserved 1089536K
  class space    used 5673K, capacity 6037K, committed 6092K, reserved 1048576K
}
Event: 6.172 GC heap after
{Heap after GC invocations=7 (full 0):
 garbage-first heap   total 260096K, used 28775K [0x0000000080000000, 0x0000000100000000)
  region size 1024K, 13 young (13312K), 13 survivors (13312K)
 Metaspace       used 44177K, capacity 45203K, committed 45260K, reserved 1089536K
  class space    used 5673K, capacity 6037K, committed 6092K, reserved 1048576K
}
Event: 9.277 GC heap before
{Heap before GC invocations=7 (full 0):
 garbage-first heap   total 260096K, used 169063K [0x0000000080000000, 0x0000000100000000)
  region size 1024K, 147 young (150528K), 13 survivors (13312K)
 Metaspace       used 58003K, capacity 59560K, committed 59724K, reserved 1101824K
  class space    used 7382K, capacity 7943K, committed 8012K, reserved 1048576K
}
Event: 9.293 GC heap after
{Heap after GC invocations=8 (full 0):
 garbage-first heap   total 260096K, used 42728K [0x0000000080000000, 0x0000000100000000)
  region size 1024K, 19 young (19456K), 19 survivors (19456K)
 Metaspace       used 58003K, capacity 59560K, committed 59724K, reserved 1101824K
  class space    used 7382K, capacity 7943K, committed 8012K, reserved 1048576K
}
Event: 9.324 GC heap before
{Heap before GC invocations=8 (full 0):
 garbage-first heap   total 260096K, used 44776K [0x0000000080000000, 0x0000000100000000)
  region size 1024K, 22 young (22528K), 19 survivors (19456K)
 Metaspace       used 58633K, capacity 60171K, committed 60236K, reserved 1101824K
  class space    used 7440K, capacity 7976K, committed 8012K, reserved 1048576K
}
Event: 9.354 GC heap after
{Heap after GC invocations=9 (full 0):
 garbage-first heap   total 260096K, used 45816K [0x0000000080000000, 0x0000000100000000)
  region size 1024K, 3 young (3072K), 3 survivors (3072K)
 Metaspace       used 58633K, capacity 60171K, committed 60236K, reserved 1101824K
  class space    used 7440K, capacity 7976K, committed 8012K, reserved 1048576K
}
Event: 10.227 GC heap before
{Heap before GC invocations=10 (full 0):
 garbage-first heap   total 260096K, used 130808K [0x0000000080000000, 0x0000000100000000)
  region size 1024K, 86 young (88064K), 3 survivors (3072K)
 Metaspace       used 63544K, capacity 65159K, committed 65356K, reserved 1105920K
  class space    used 8092K, capacity 8662K, committed 8780K, reserved 1048576K
}
Event: 10.235 GC heap after
{Heap after GC invocations=11 (full 0):
 garbage-first heap   total 260096K, used 51269K [0x0000000080000000, 0x0000000100000000)
  region size 1024K, 9 young (9216K), 9 survivors (9216K)
 Metaspace       used 63544K, capacity 65159K, committed 65356K, reserved 1105920K
  class space    used 8092K, capacity 8662K, committed 8780K, reserved 1048576K
}
Event: 11.367 GC heap before
{Heap before GC invocations=12 (full 0):
 garbage-first heap   total 260096K, used 142405K [0x0000000080000000, 0x0000000100000000)
  region size 1024K, 98 young (100352K), 9 survivors (9216K)
 Metaspace       used 70194K, capacity 71928K, committed 72012K, reserved 1112064K
  class space    used 9127K, capacity 9755K, committed 9804K, reserved 1048576K
}
Event: 11.377 GC heap after
{Heap after GC invocations=13 (full 0):
 garbage-first heap   total 260096K, used 57099K [0x0000000080000000, 0x0000000100000000)
  region size 1024K, 7 young (7168K), 7 survivors (7168K)
 Metaspace       used 70194K, capacity 71928K, committed 72012K, reserved 1112064K
  class space    used 9127K, capacity 9755K, committed 9804K, reserved 1048576K
}

